http://stackoverflow.com/questions/206154/what-soap-client-libraries-exist-for-python-and-where-is-the-documentation-for


Older libraries:

SOAPy [http://soapy.sourceforge.net/]: Was the "best," but no longer maintained. Does not work on Python 2.5+

ZSI [http://pywebsvcs.sourceforge.net/]: Very painful to use, and development is slow. Has a module called "SOAPpy", which is different than SOAPy (above).

"Newer" libraries:

SUDS: Very Pythonic, and easy to create WSDL-consuming SOAP clients. Creating SOAP servers is a little bit more difficult. (This package does not work with python3.)

spyne: Creating servers is easy, creating clients a little bit more challenging. Documentation is somewhat lacking.

ladon: Creating servers is much like in soaplib (using a decorator). Ladon exposes more interfaces than SOAP at the same time without extra user code needed.

pysimplesoap: very lightweight but useful for both client and server - includes a web2py server integration that ships with web2py.

SOAPpy: Distinct from the abandoned SOAPpy that's hosted at the ZSI link above, this version was actually maintained until 2011, now it seems to be abandoned too.
soaplib: Easy to use python library for writing and calling soap web services. Webservices written with soaplib are simple, lightweight, work well with other SOAP implementations, and can be deployed as WSGI applications.
osa: A fast/slim easy to use SOAP python client library.


pip install Error (Python 3.5.1)


MINGW64 /
$ pip install SOAPy
Collecting SOAPy
  Could not find a version that satisfies the requirement SOAPy (from versions: )
No matching distribution found for SOAPy

MINGW64 /
$ pip install ZSI
Collecting ZSI
  Downloading ZSI-2.0-rc3.tar.gz (1.1MB)
    Complete output from command python setup.py egg_info:
    Traceback (most recent call last):
      File "<string>", line 1, in <module>
      File "C:\Users\SOMASK~1\AppData\Local\Temp\pip-build-tfgp_7xu\ZSI\setup.py", line 30
        print 'ZSI/version.py not found; run "make"'
                                                   ^
    SyntaxError: Missing parentheses in call to 'print'

    ----------------------------------------
Command "python setup.py egg_info" failed with error code 1 in C:\Users\SOMASK~1\AppData\Local\Temp\pip-build-tfgp_7xu\ZSI\

MINGW64 /
$ pip install SUDS
Collecting SUDS
  Downloading suds-0.4.tar.gz (104kB)
    Complete output from command python setup.py egg_info:
    Traceback (most recent call last):
      File "<string>", line 1, in <module>
      File "C:\Users\SOMASK~1\AppData\Local\Temp\pip-build-nk5mchjv\SUDS\setup.py", line 20, in <module>
        import suds
      File "C:\Users\SOMASK~1\AppData\Local\Temp\pip-build-nk5mchjv\SUDS\suds\__init__.py", line 154, in <module>
        import client
    ImportError: No module named 'client'

    ----------------------------------------
Command "python setup.py egg_info" failed with error code 1 in C:\Users\SOMASK~1\AppData\Local\Temp\pip-build-nk5mchjv\SUDS\

MINGW64 /
$ pip install spyne
Requirement already satisfied (use --upgrade to upgrade): spyne in c:\python35\lib\site-packages\spyne-2.13.0-py3.5.egg
Requirement already satisfied (use --upgrade to upgrade): pytz in c:\python35\lib\site-packages (from spyne)

MINGW64 /
$ pip install ladon
Collecting ladon
  Downloading ladon-0.9.38.tar.gz (851kB)
Requirement already satisfied (use --upgrade to upgrade): jinja2 in c:\python35\lib\site-packages (from ladon)
Collecting sphinx (from ladon)
  Downloading Sphinx-1.4-py2.py3-none-any.whl (1.5MB)
Collecting sphinx-bootstrap-theme (from ladon)
  Downloading sphinx-bootstrap-theme-0.4.9.tar.gz (1.1MB)
Requirement already satisfied (use --upgrade to upgrade): MarkupSafe in c:\python35\lib\site-packages (from jinja2->ladon)
Collecting imagesize (from sphinx->ladon)
  Downloading imagesize-0.7.0-py2.py3-none-any.whl
Collecting colorama>=0.3.5 (from sphinx->ladon)
  Downloading colorama-0.3.7-py2.py3-none-any.whl
Collecting babel!=2.0,>=1.3 (from sphinx->ladon)
  Downloading Babel-2.3.2-py2.py3-none-any.whl (7.1MB)
Exception:
Traceback (most recent call last):
  File "c:\python35\lib\site-packages\pip\_vendor\requests\packages\urllib3\response.py", line 226, in _error_catcher
    yield
  File "c:\python35\lib\site-packages\pip\_vendor\requests\packages\urllib3\response.py", line 301, in read
    data = self._fp.read(amt)
  File "c:\python35\lib\site-packages\pip\_vendor\cachecontrol\filewrapper.py", line 49, in read
    data = self.__fp.read(amt)
  File "c:\python35\lib\http\client.py", line 433, in read
    n = self.readinto(b)
  File "c:\python35\lib\http\client.py", line 473, in readinto
    n = self.fp.readinto(b)
  File "c:\python35\lib\socket.py", line 575, in readinto
    return self._sock.recv_into(b)
  File "c:\python35\lib\ssl.py", line 924, in recv_into
    return self.read(nbytes, buffer)
  File "c:\python35\lib\ssl.py", line 786, in read
    return self._sslobj.read(len, buffer)
  File "c:\python35\lib\ssl.py", line 570, in read
    v = self._sslobj.read(len, buffer)
socket.timeout: The read operation timed out

During handling of the above exception, another exception occurred:

Traceback (most recent call last):
  File "c:\python35\lib\site-packages\pip\basecommand.py", line 209, in main
    status = self.run(options, args)
  File "c:\python35\lib\site-packages\pip\commands\install.py", line 299, in run
    requirement_set.prepare_files(finder)
  File "c:\python35\lib\site-packages\pip\req\req_set.py", line 360, in prepare_files
    ignore_dependencies=self.ignore_dependencies))
  File "c:\python35\lib\site-packages\pip\req\req_set.py", line 577, in _prepare_file
    session=self.session, hashes=hashes)
  File "c:\python35\lib\site-packages\pip\download.py", line 810, in unpack_url
    hashes=hashes
  File "c:\python35\lib\site-packages\pip\download.py", line 649, in unpack_http_url
    hashes)
  File "c:\python35\lib\site-packages\pip\download.py", line 871, in _download_http_url
    _download_url(resp, link, content_file, hashes)
  File "c:\python35\lib\site-packages\pip\download.py", line 595, in _download_url
    hashes.check_against_chunks(downloaded_chunks)
  File "c:\python35\lib\site-packages\pip\utils\hashes.py", line 46, in check_against_chunks
    for chunk in chunks:
  File "c:\python35\lib\site-packages\pip\download.py", line 563, in written_chunks
    for chunk in chunks:
  File "c:\python35\lib\site-packages\pip\utils\ui.py", line 139, in iter
    for x in it:
  File "c:\python35\lib\site-packages\pip\download.py", line 552, in resp_read
    decode_content=False):
  File "c:\python35\lib\site-packages\pip\_vendor\requests\packages\urllib3\response.py", line 344, in stream
    data = self.read(amt=amt, decode_content=decode_content)
  File "c:\python35\lib\site-packages\pip\_vendor\requests\packages\urllib3\response.py", line 311, in read
    flush_decoder = True
  File "c:\python35\lib\contextlib.py", line 77, in __exit__
    self.gen.throw(type, value, traceback)
  File "c:\python35\lib\site-packages\pip\_vendor\requests\packages\urllib3\response.py", line 231, in _error_catcher
    raise ReadTimeoutError(self._pool, None, 'Read timed out.')
pip._vendor.requests.packages.urllib3.exceptions.ReadTimeoutError: HTTPSConnectionPool(host='pypi.python.org', port=443): Read timed out.

MINGW64 /
$ pip install pysimplesoap
Collecting pysimplesoap
  Downloading PySimpleSOAP-1.16.tar.gz
Installing collected packages: pysimplesoap
  Running setup.py install for pysimplesoap: started
    Running setup.py install for pysimplesoap: finished with status 'done'
Successfully installed pysimplesoap-1.16

MINGW64 /
$ pip install SOAPpy
Collecting SOAPpy
  Using cached SOAPpy-0.12.22.zip
Collecting wstools (from SOAPpy)
  Using cached wstools-0.4.3.tar.gz
    Complete output from command python setup.py egg_info:
    Traceback (most recent call last):
      File "<string>", line 1, in <module>
      File "C:\Users\SOMASK~1\AppData\Local\Temp\pip-build-75b357ji\wstools\setup.py", line 19, in <module>
        from src.wstools.version import __version__
      File "C:\Users\SOMASK~1\AppData\Local\Temp\pip-build-75b357ji\wstools\src\wstools\__init__.py", line 6, in <module>
        import WSDLTools
    ImportError: No module named 'WSDLTools'

    ----------------------------------------
Command "python setup.py egg_info" failed with error code 1 in C:\Users\SOMASK~1\AppData\Local\Temp\pip-build-75b357ji\wstools\

MINGW64 /
$ pip install soaplib
Requirement already satisfied (use --upgrade to upgrade): soaplib in c:\python35\lib\site-packages\soaplib-1.0.0b8.post0-py3.5.egg
Requirement already satisfied (use --upgrade to upgrade): pytz in c:\python35\lib\site-packages (from soaplib)
Collecting lxml>=2.2.1 (from soaplib)
  Using cached lxml-3.6.0.tar.gz
Installing collected packages: lxml
  Running setup.py install for lxml: started
    Running setup.py install for lxml: finished with status 'error'
    Complete output from command c:\python35\python.exe -u -c "import setuptools, tokenize;__file__='C:\\Users\\SOMASK~1\\AppData\\Local\\Temp\\pip-build-kx14f2f9\\lxml\\setup.py';exec(compile(getattr(tokenize, 'open', open)(__file__).read().replace('\r\n', '\n'), __file__, 'exec'))" install --record C:\Users\SOMASK~1\AppData\Local\Temp\pip-h6f_v4l5-record\install-record.txt --single-version-externally-managed --compile:
    Building lxml version 3.6.0.
    Building without Cython.
    ERROR: b"'xslt-config' is not recognized as an internal or external command,\r\noperable program or batch file.\r\n"
    ** make sure the development packages of libxml2 and libxslt are installed **

    Using build configuration of libxslt
    running install
    running build
    running build_py
    creating build
    creating build\lib.win-amd64-3.5
    creating build\lib.win-amd64-3.5\lxml
    copying src\lxml\builder.py -> build\lib.win-amd64-3.5\lxml
    copying src\lxml\cssselect.py -> build\lib.win-amd64-3.5\lxml
    copying src\lxml\doctestcompare.py -> build\lib.win-amd64-3.5\lxml
    copying src\lxml\ElementInclude.py -> build\lib.win-amd64-3.5\lxml
    copying src\lxml\pyclasslookup.py -> build\lib.win-amd64-3.5\lxml
    copying src\lxml\sax.py -> build\lib.win-amd64-3.5\lxml
    copying src\lxml\usedoctest.py -> build\lib.win-amd64-3.5\lxml
    copying src\lxml\_elementpath.py -> build\lib.win-amd64-3.5\lxml
    copying src\lxml\__init__.py -> build\lib.win-amd64-3.5\lxml
    creating build\lib.win-amd64-3.5\lxml\includes
    copying src\lxml\includes\__init__.py -> build\lib.win-amd64-3.5\lxml\includes
    creating build\lib.win-amd64-3.5\lxml\html
    copying src\lxml\html\builder.py -> build\lib.win-amd64-3.5\lxml\html
    copying src\lxml\html\clean.py -> build\lib.win-amd64-3.5\lxml\html
    copying src\lxml\html\defs.py -> build\lib.win-amd64-3.5\lxml\html
    copying src\lxml\html\diff.py -> build\lib.win-amd64-3.5\lxml\html
    copying src\lxml\html\ElementSoup.py -> build\lib.win-amd64-3.5\lxml\html
    copying src\lxml\html\formfill.py -> build\lib.win-amd64-3.5\lxml\html
    copying src\lxml\html\html5parser.py -> build\lib.win-amd64-3.5\lxml\html
    copying src\lxml\html\soupparser.py -> build\lib.win-amd64-3.5\lxml\html
    copying src\lxml\html\usedoctest.py -> build\lib.win-amd64-3.5\lxml\html
    copying src\lxml\html\_diffcommand.py -> build\lib.win-amd64-3.5\lxml\html
    copying src\lxml\html\_html5builder.py -> build\lib.win-amd64-3.5\lxml\html
    copying src\lxml\html\_setmixin.py -> build\lib.win-amd64-3.5\lxml\html
    copying src\lxml\html\__init__.py -> build\lib.win-amd64-3.5\lxml\html
    creating build\lib.win-amd64-3.5\lxml\isoschematron
    copying src\lxml\isoschematron\__init__.py -> build\lib.win-amd64-3.5\lxml\isoschematron
    copying src\lxml\lxml.etree.h -> build\lib.win-amd64-3.5\lxml
    copying src\lxml\lxml.etree_api.h -> build\lib.win-amd64-3.5\lxml
    copying src\lxml\includes\c14n.pxd -> build\lib.win-amd64-3.5\lxml\includes
    copying src\lxml\includes\config.pxd -> build\lib.win-amd64-3.5\lxml\includes
    copying src\lxml\includes\dtdvalid.pxd -> build\lib.win-amd64-3.5\lxml\includes
    copying src\lxml\includes\etreepublic.pxd -> build\lib.win-amd64-3.5\lxml\includes
    copying src\lxml\includes\htmlparser.pxd -> build\lib.win-amd64-3.5\lxml\includes
    copying src\lxml\includes\relaxng.pxd -> build\lib.win-amd64-3.5\lxml\includes
    copying src\lxml\includes\schematron.pxd -> build\lib.win-amd64-3.5\lxml\includes
    copying src\lxml\includes\tree.pxd -> build\lib.win-amd64-3.5\lxml\includes
    copying src\lxml\includes\uri.pxd -> build\lib.win-amd64-3.5\lxml\includes
    copying src\lxml\includes\xinclude.pxd -> build\lib.win-amd64-3.5\lxml\includes
    copying src\lxml\includes\xmlerror.pxd -> build\lib.win-amd64-3.5\lxml\includes
    copying src\lxml\includes\xmlparser.pxd -> build\lib.win-amd64-3.5\lxml\includes
    copying src\lxml\includes\xmlschema.pxd -> build\lib.win-amd64-3.5\lxml\includes
    copying src\lxml\includes\xpath.pxd -> build\lib.win-amd64-3.5\lxml\includes
    copying src\lxml\includes\xslt.pxd -> build\lib.win-amd64-3.5\lxml\includes
    copying src\lxml\includes\etree_defs.h -> build\lib.win-amd64-3.5\lxml\includes
    copying src\lxml\includes\lxml-version.h -> build\lib.win-amd64-3.5\lxml\includes
    creating build\lib.win-amd64-3.5\lxml\isoschematron\resources
    creating build\lib.win-amd64-3.5\lxml\isoschematron\resources\rng
    copying src\lxml\isoschematron\resources\rng\iso-schematron.rng -> build\lib.win-amd64-3.5\lxml\isoschematron\resources\rng
    creating build\lib.win-amd64-3.5\lxml\isoschematron\resources\xsl
    copying src\lxml\isoschematron\resources\xsl\RNG2Schtrn.xsl -> build\lib.win-amd64-3.5\lxml\isoschematron\resources\xsl
    copying src\lxml\isoschematron\resources\xsl\XSD2Schtrn.xsl -> build\lib.win-amd64-3.5\lxml\isoschematron\resources\xsl
    creating build\lib.win-amd64-3.5\lxml\isoschematron\resources\xsl\iso-schematron-xslt1
    copying src\lxml\isoschematron\resources\xsl\iso-schematron-xslt1\iso_abstract_expand.xsl -> build\lib.win-amd64-3.5\lxml\isoschematron\resources\xsl\iso-schematron-xslt1
    copying src\lxml\isoschematron\resources\xsl\iso-schematron-xslt1\iso_dsdl_include.xsl -> build\lib.win-amd64-3.5\lxml\isoschematron\resources\xsl\iso-schematron-xslt1
    copying src\lxml\isoschematron\resources\xsl\iso-schematron-xslt1\iso_schematron_message.xsl -> build\lib.win-amd64-3.5\lxml\isoschematron\resources\xsl\iso-schematron-xslt1
    copying src\lxml\isoschematron\resources\xsl\iso-schematron-xslt1\iso_schematron_skeleton_for_xslt1.xsl -> build\lib.win-amd64-3.5\lxml\isoschematron\resources\xsl\iso-schematron-xslt1
    copying src\lxml\isoschematron\resources\xsl\iso-schematron-xslt1\iso_svrl_for_xslt1.xsl -> build\lib.win-amd64-3.5\lxml\isoschematron\resources\xsl\iso-schematron-xslt1
    copying src\lxml\isoschematron\resources\xsl\iso-schematron-xslt1\readme.txt -> build\lib.win-amd64-3.5\lxml\isoschematron\resources\xsl\iso-schematron-xslt1
    running build_ext
    building 'lxml.etree' extension
    error: Unable to find vcvarsall.bat

    ----------------------------------------
Command "c:\python35\python.exe -u -c "import setuptools, tokenize;__file__='C:\\Users\\SOMASK~1\\AppData\\Local\\Temp\\pip-build-kx14f2f9\\lxml\\setup.py';exec(compile(getattr(tokenize, 'open', open)(__file__).read().replace('\r\n', '\n'), __file__, 'exec'))" install --record C:\Users\SOMASK~1\AppData\Local\Temp\pip-h6f_v4l5-record\install-record.txt --single-version-externally-managed --compile" failed with error code 1 in C:\Users\SOMASK~1\AppData\Local\Temp\pip-build-kx14f2f9\lxml\

MINGW64 /
$ pip install osa
Collecting osa
  Downloading osa-0.2.tar.gz
Installing collected packages: osa
  Running setup.py install for osa: started
    Running setup.py install for osa: finished with status 'done'
Successfully installed osa-0.2